This is pdfTeX, Version 3.141592653-2.6-1.40.24 (TeX Live 2022) (preloaded format=pdflatex 2022.12.15)  7 JAN 2023 20:35
entering extended mode
 restricted \write18 enabled.
 %&-line parsing enabled.
**KDtrees.tex
(./KDtrees.tex
LaTeX2e <2022-11-01> patch level 1
L3 programming layer <2022-11-02>
(c:/Program Files/texlive/2022/texmf-dist/tex/latex/base/article.cls
Document Class: article 2022/07/02 v1.4n Standard LaTeX document class
(c:/Program Files/texlive/2022/texmf-dist/tex/latex/base/size12.clo
File: size12.clo 2022/07/02 v1.4n Standard LaTeX file (size option)
)
\c@part=\count185
\c@section=\count186
\c@subsection=\count187
\c@subsubsection=\count188
\c@paragraph=\count189
\c@subparagraph=\count190
\c@figure=\count191
\c@table=\count192
\abovecaptionskip=\skip48
\belowcaptionskip=\skip49
\bibindent=\dimen140
)
(c:/Program Files/texlive/2022/texmf-dist/tex/latex/blindtext/blindtext.sty
Package: blindtext 2012/01/06 V2.0 blindtext-Package

(c:/Program Files/texlive/2022/texmf-dist/tex/latex/tools/xspace.sty
Package: xspace 2014/10/28 v1.13 Space after command names (DPC,MH)
)
\c@blindtext=\count193
\c@Blindtext=\count194
\c@blind@countparstart=\count195
\blind@countxx=\count196
\blindtext@numBlindtext=\count197
\blind@countyy=\count198
\c@blindlist=\count199
\c@blindlistlevel=\count266
\c@blindlist@level=\count267
\blind@listitem=\count268
\c@blind@listcount=\count269
\c@blind@levelcount=\count270
\blind@mathformula=\count271
\blind@Mathformula=\count272
\c@blind@randomcount=\count273
\c@blind@randommax=\count274
\c@blind@pangramcount=\count275
\c@blind@pangrammax=\count276
)
(c:/Program Files/texlive/2022/texmf-dist/tex/latex/graphics/graphicx.sty
Package: graphicx 2021/09/16 v1.2d Enhanced LaTeX Graphics (DPC,SPQR)

(c:/Program Files/texlive/2022/texmf-dist/tex/latex/graphics/keyval.sty
Package: keyval 2022/05/29 v1.15 key=value parser (DPC)
\KV@toks@=\toks16
)
(c:/Program Files/texlive/2022/texmf-dist/tex/latex/graphics/graphics.sty
Package: graphics 2022/03/10 v1.4e Standard LaTeX Graphics (DPC,SPQR)

(c:/Program Files/texlive/2022/texmf-dist/tex/latex/graphics/trig.sty
Package: trig 2021/08/11 v1.11 sin cos tan (DPC)
)
(c:/Program Files/texlive/2022/texmf-dist/tex/latex/graphics-cfg/graphics.cfg
File: graphics.cfg 2016/06/04 v1.11 sample graphics configuration
)
Package graphics Info: Driver file: pdftex.def on input line 107.

(c:/Program Files/texlive/2022/texmf-dist/tex/latex/graphics-def/pdftex.def
File: pdftex.def 2022/09/22 v1.2b Graphics/color driver for pdftex
))
\Gin@req@height=\dimen141
\Gin@req@width=\dimen142
)
(c:/Program Files/texlive/2022/texmf-dist/tex/latex/listings/listings.sty
\lst@mode=\count277
\lst@gtempboxa=\box51
\lst@token=\toks17
\lst@length=\count278
\lst@currlwidth=\dimen143
\lst@column=\count279
\lst@pos=\count280
\lst@lostspace=\dimen144
\lst@width=\dimen145
\lst@newlines=\count281
\lst@lineno=\count282
\lst@maxwidth=\dimen146

(c:/Program Files/texlive/2022/texmf-dist/tex/latex/listings/lstmisc.sty
File: lstmisc.sty 2020/03/24 1.8d (Carsten Heinz)
\c@lstnumber=\count283
\lst@skipnumbers=\count284
\lst@framebox=\box52
)
(c:/Program Files/texlive/2022/texmf-dist/tex/latex/listings/listings.cfg
File: listings.cfg 2020/03/24 1.8d listings configuration
))
Package: listings 2020/03/24 1.8d (Carsten Heinz)

(c:/Program Files/texlive/2022/texmf-dist/tex/latex/float/float.sty
Package: float 2001/11/08 v1.3d Float enhancements (AL)
\c@float@type=\count285
\float@exts=\toks18
\float@box=\box53
\@float@everytoks=\toks19
\@floatcapt=\box54
)
(c:/Program Files/texlive/2022/texmf-dist/tex/latex/cite/cite.sty
LaTeX Info: Redefining \cite on input line 302.
LaTeX Info: Redefining \nocite on input line 332.
Package: cite 2015/02/27  v 5.5
)
(c:/Program Files/texlive/2022/texmf-dist/tex/latex/amsmath/amsmath.sty
Package: amsmath 2022/04/08 v2.17n AMS math features
\@mathmargin=\skip50

For additional information on amsmath, use the `?' option.
(c:/Program Files/texlive/2022/texmf-dist/tex/latex/amsmath/amstext.sty
Package: amstext 2021/08/26 v2.01 AMS text

(c:/Program Files/texlive/2022/texmf-dist/tex/latex/amsmath/amsgen.sty
File: amsgen.sty 1999/11/30 v2.0 generic functions
\@emptytoks=\toks20
\ex@=\dimen147
))
(c:/Program Files/texlive/2022/texmf-dist/tex/latex/amsmath/amsbsy.sty
Package: amsbsy 1999/11/29 v1.2d Bold Symbols
\pmbraise@=\dimen148
)
(c:/Program Files/texlive/2022/texmf-dist/tex/latex/amsmath/amsopn.sty
Package: amsopn 2022/04/08 v2.04 operator names
)
\inf@bad=\count286
LaTeX Info: Redefining \frac on input line 234.
\uproot@=\count287
\leftroot@=\count288
LaTeX Info: Redefining \overline on input line 399.
LaTeX Info: Redefining \colon on input line 410.
\classnum@=\count289
\DOTSCASE@=\count290
LaTeX Info: Redefining \ldots on input line 496.
LaTeX Info: Redefining \dots on input line 499.
LaTeX Info: Redefining \cdots on input line 620.
\Mathstrutbox@=\box55
\strutbox@=\box56
LaTeX Info: Redefining \big on input line 722.
LaTeX Info: Redefining \Big on input line 723.
LaTeX Info: Redefining \bigg on input line 724.
LaTeX Info: Redefining \Bigg on input line 725.
\big@size=\dimen149
LaTeX Font Info:    Redeclaring font encoding OML on input line 743.
LaTeX Font Info:    Redeclaring font encoding OMS on input line 744.
\macc@depth=\count291
LaTeX Info: Redefining \bmod on input line 905.
LaTeX Info: Redefining \pmod on input line 910.
LaTeX Info: Redefining \smash on input line 940.
LaTeX Info: Redefining \relbar on input line 970.
LaTeX Info: Redefining \Relbar on input line 971.
\c@MaxMatrixCols=\count292
\dotsspace@=\muskip16
\c@parentequation=\count293
\dspbrk@lvl=\count294
\tag@help=\toks21
\row@=\count295
\column@=\count296
\maxfields@=\count297
\andhelp@=\toks22
\eqnshift@=\dimen150
\alignsep@=\dimen151
\tagshift@=\dimen152
\tagwidth@=\dimen153
\totwidth@=\dimen154
\lineht@=\dimen155
\@envbody=\toks23
\multlinegap=\skip51
\multlinetaggap=\skip52
\mathdisplay@stack=\toks24
LaTeX Info: Redefining \[ on input line 2953.
LaTeX Info: Redefining \] on input line 2954.
)
(c:/Program Files/texlive/2022/texmf-dist/tex/latex/amsfonts/amssymb.sty
Package: amssymb 2013/01/14 v3.01 AMS font symbols

(c:/Program Files/texlive/2022/texmf-dist/tex/latex/amsfonts/amsfonts.sty
Package: amsfonts 2013/01/14 v3.01 Basic AMSFonts support
\symAMSa=\mathgroup4
\symAMSb=\mathgroup5
LaTeX Font Info:    Redeclaring math symbol \hbar on input line 98.
LaTeX Font Info:    Overwriting math alphabet `\mathfrak' in version `bold'
(Font)                  U/euf/m/n --> U/euf/b/n on input line 106.
))
(c:/Program Files/texlive/2022/texmf-dist/tex/latex/booktabs/booktabs.sty
Package: booktabs 2020/01/12 v1.61803398 Publication quality tables
\heavyrulewidth=\dimen156
\lightrulewidth=\dimen157
\cmidrulewidth=\dimen158
\belowrulesep=\dimen159
\belowbottomsep=\dimen160
\aboverulesep=\dimen161
\abovetopsep=\dimen162
\cmidrulesep=\dimen163
\cmidrulekern=\dimen164
\defaultaddspace=\dimen165
\@cmidla=\count298
\@cmidlb=\count299
\@aboverulesep=\dimen166
\@belowrulesep=\dimen167
\@thisruleclass=\count300
\@lastruleclass=\count301
\@thisrulewidth=\dimen168
)
(c:/Program Files/texlive/2022/texmf-dist/tex/latex/preprint/fullpage.sty
Package: fullpage 1999/02/23 1.1 (PWD)
\FP@margin=\skip53
)
(c:/Program Files/texlive/2022/texmf-dist/tex/latex/graphics/color.sty
Package: color 2022/01/06 v1.3d Standard LaTeX Color (DPC)

(c:/Program Files/texlive/2022/texmf-dist/tex/latex/graphics-cfg/color.cfg
File: color.cfg 2016/01/02 v1.6 sample color configuration
)
Package color Info: Driver file: pdftex.def on input line 149.

(c:/Program Files/texlive/2022/texmf-dist/tex/latex/graphics/mathcolor.ltx))
(c:/Program Files/texlive/2022/texmf-dist/tex/latex/url/url.sty
\Urlmuskip=\muskip17
Package: url 2013/09/16  ver 3.4  Verb mode for urls, etc.
)
(c:/Program Files/texlive/2022/texmf-dist/tex/latex/listings/lstlang1.sty
File: lstlang1.sty 2020/03/24 1.8d listings language file
)
(c:/Program Files/texlive/2022/texmf-dist/tex/latex/l3backend/l3backend-pdftex.
def
File: l3backend-pdftex.def 2022-10-26 L3 backend support: PDF output (pdfTeX)
\l__color_backend_stack_int=\count302
\l__pdf_internal_box=\box57
) (./KDtrees.aux)
\openout1 = `KDtrees.aux'.

LaTeX Font Info:    Checking defaults for OML/cmm/m/it on input line 44.
LaTeX Font Info:    ... okay on input line 44.
LaTeX Font Info:    Checking defaults for OMS/cmsy/m/n on input line 44.
LaTeX Font Info:    ... okay on input line 44.
LaTeX Font Info:    Checking defaults for OT1/cmr/m/n on input line 44.
LaTeX Font Info:    ... okay on input line 44.
LaTeX Font Info:    Checking defaults for T1/cmr/m/n on input line 44.
LaTeX Font Info:    ... okay on input line 44.
LaTeX Font Info:    Checking defaults for TS1/cmr/m/n on input line 44.
LaTeX Font Info:    ... okay on input line 44.
LaTeX Font Info:    Checking defaults for OMX/cmex/m/n on input line 44.
LaTeX Font Info:    ... okay on input line 44.
LaTeX Font Info:    Checking defaults for U/cmr/m/n on input line 44.
LaTeX Font Info:    ... okay on input line 44.

(c:/Program Files/texlive/2022/texmf-dist/tex/context/base/mkii/supp-pdf.mkii
[Loading MPS to PDF converter (version 2006.09.02).]
\scratchcounter=\count303
\scratchdimen=\dimen169
\scratchbox=\box58
\nofMPsegments=\count304
\nofMParguments=\count305
\everyMPshowfont=\toks25
\MPscratchCnt=\count306
\MPscratchDim=\dimen170
\MPnumerator=\count307
\makeMPintoPDFobject=\count308
\everyMPtoPDFconversion=\toks26
)
(c:/Program Files/texlive/2022/texmf-dist/tex/latex/epstopdf-pkg/epstopdf-base.
sty
Package: epstopdf-base 2020-01-24 v2.11 Base part for package epstopdf
Package epstopdf-base Info: Redefining graphics rule for `.eps' on input line 4
85.

(c:/Program Files/texlive/2022/texmf-dist/tex/latex/latexconfig/epstopdf-sys.cf
g
File: epstopdf-sys.cfg 2010/07/13 v1.3 Configuration of (r)epstopdf for TeX Liv
e
))
\c@lstlisting=\count309
LaTeX Font Info:    Trying to load font information for U+msa on input line 45.

 (c:/Program Files/texlive/2022/texmf-dist/tex/latex/amsfonts/umsa.fd
File: umsa.fd 2013/01/14 v3.01 AMS symbols A
)
LaTeX Font Info:    Trying to load font information for U+msb on input line 45.


(c:/Program Files/texlive/2022/texmf-dist/tex/latex/amsfonts/umsb.fd
File: umsb.fd 2013/01/14 v3.01 AMS symbols B
) [1

{c:/Program Files/texlive/2022/texmf-var/fonts/map/pdftex/updmap/pdftex.map}]
(./KDtrees.toc)
\tf@toc=\write3
\openout3 = `KDtrees.toc'.

 [2]
<figs/splittingPlane.pdf, id=13, 321.6015pt x 178.52496pt>
File: figs/splittingPlane.pdf Graphic file (type pdf)
<use figs/splittingPlane.pdf>
Package pdftex.def Info: figs/splittingPlane.pdf  used on input line 63.
(pdftex.def)             Requested size: 321.60071pt x 178.52452pt.


LaTeX Warning: `!h' float specifier changed to `!ht'.

[1

] [2 <./figs/splittingPlane.pdf>]
<figs/kdTreePlane.pdf, id=31, 287.88142pt x 254.03407pt>
File: figs/kdTreePlane.pdf Graphic file (type pdf)
<use figs/kdTreePlane.pdf>
Package pdftex.def Info: figs/kdTreePlane.pdf  used on input line 99.
(pdftex.def)             Requested size: 287.88072pt x 254.03345pt.
<figs/kdTree_updated.pdf, id=32, 271.3338pt x 163.50685pt>
File: figs/kdTree_updated.pdf Graphic file (type pdf)
<use figs/kdTree_updated.pdf>
Package pdftex.def Info: figs/kdTree_updated.pdf  used on input line 105.
(pdftex.def)             Requested size: 271.33313pt x 163.50644pt.
<figs/kdTreePlaneRectangle.pdf, id=33, 287.88142pt x 254.03407pt>
File: figs/kdTreePlaneRectangle.pdf Graphic file (type pdf)
<use figs/kdTreePlaneRectangle.pdf>
Package pdftex.def Info: figs/kdTreePlaneRectangle.pdf  used on input line 112.

(pdftex.def)             Requested size: 287.88072pt x 254.03345pt.
 [3] [4 <./figs/kdTreePlane.pdf>] [5 <./figs/kdTree_updated.pdf> <./figs/kdTree
PlaneRectangle.pdf>] [6]
Underfull \hbox (badness 10000) in paragraph at lines 153--160

 []


Underfull \hbox (badness 10000) in paragraph at lines 164--169

 []


Underfull \hbox (badness 10000) in paragraph at lines 174--182

 []


Underfull \hbox (badness 10000) in paragraph at lines 183--184

 []

[7]
Underfull \hbox (badness 10000) in paragraph at lines 187--191

 []

<figs/splitClipping1.pdf, id=150, 193.72375pt x 113.42375pt>
File: figs/splitClipping1.pdf Graphic file (type pdf)
<use figs/splitClipping1.pdf>
Package pdftex.def Info: figs/splitClipping1.pdf  used on input line 204.
(pdftex.def)             Requested size: 193.72327pt x 113.42346pt.
<figs/splitClipping2.pdf, id=151, 161.8045pt x 163.1475pt>
File: figs/splitClipping2.pdf Graphic file (type pdf)
<use figs/splitClipping2.pdf>
Package pdftex.def Info: figs/splitClipping2.pdf  used on input line 210.
(pdftex.def)             Requested size: 161.8041pt x 163.1471pt.
<figs/splitClipping3.pdf, id=152, 161.8045pt x 162.94676pt>
File: figs/splitClipping3.pdf Graphic file (type pdf)
<use figs/splitClipping3.pdf>
Package pdftex.def Info: figs/splitClipping3.pdf  used on input line 216.
(pdftex.def)             Requested size: 161.8041pt x 162.94637pt.
[8] [9 <./figs/splitClipping1.pdf>] [10 <./figs/splitClipping2.pdf> <./figs/spl
itClipping3.pdf>]
<figs/sweep1.pdf, id=234, 265.97717pt x 177.8645pt>
File: figs/sweep1.pdf Graphic file (type pdf)
<use figs/sweep1.pdf>
Package pdftex.def Info: figs/sweep1.pdf  used on input line 230.
(pdftex.def)             Requested size: 265.97652pt x 177.86406pt.
<figs/sweep2.pdf, id=235, 265.97739pt x 179.26775pt>
File: figs/sweep2.pdf Graphic file (type pdf)
<use figs/sweep2.pdf>
Package pdftex.def Info: figs/sweep2.pdf  used on input line 236.
(pdftex.def)             Requested size: 265.97673pt x 179.2673pt.
<figs/nlognTable.png, id=236, 390.70969pt x 225.84375pt>
File: figs/nlognTable.png Graphic file (type png)
<use figs/nlognTable.png>
Package pdftex.def Info: figs/nlognTable.png  used on input line 249.
(pdftex.def)             Requested size: 390.70872pt x 225.84319pt.
 [11 <./figs/sweep1.pdf>] [12 <./figs/sweep2.pdf>] [13 <./figs/nlognTable.png>]
<figs/sampling1.png, id=323, 491.58656pt x 337.26pt>
File: figs/sampling1.png Graphic file (type png)
<use figs/sampling1.png>
Package pdftex.def Info: figs/sampling1.png  used on input line 274.
(pdftex.def)             Requested size: 341.43306pt x 234.2535pt.
<figs/sampling2.png, id=324, 485.56406pt x 332.74312pt>
File: figs/sampling2.png Graphic file (type png)
<use figs/sampling2.png>
Package pdftex.def Info: figs/sampling2.png  used on input line 280.
(pdftex.def)             Requested size: 341.43306pt x 233.96957pt.
<figs/approximateCost.png, id=325, 487.8225pt x 332.74312pt>
File: figs/approximateCost.png Graphic file (type png)
<use figs/approximateCost.png>
Package pdftex.def Info: figs/approximateCost.png  used on input line 286.
(pdftex.def)             Requested size: 341.43306pt x 232.8932pt.
<figs/trueCost.png, id=326, 484.81125pt x 333.49594pt>
File: figs/trueCost.png Graphic file (type png)
<use figs/trueCost.png>
Package pdftex.def Info: figs/trueCost.png  used on input line 292.
(pdftex.def)             Requested size: 341.43306pt x 234.88058pt.
 [14]
<figs/binning.pdf, id=330, 386.2425pt x 161.403pt>
File: figs/binning.pdf Graphic file (type pdf)
<use figs/binning.pdf>
Package pdftex.def Info: figs/binning.pdf  used on input line 330.
(pdftex.def)             Requested size: 386.24155pt x 161.4026pt.
<figs/decomp.pdf, id=331, 445.3147pt x 136.8292pt>
File: figs/decomp.pdf Graphic file (type pdf)
<use figs/decomp.pdf>
Package pdftex.def Info: figs/decomp.pdf  used on input line 336.
(pdftex.def)             Requested size: 445.3136pt x 136.82884pt.
 [15] [16 <./figs/sampling1.png> <./figs/sampling2.png>]
[17 <./figs/approximateCost.png> <./figs/trueCost.png>] [18] [19 <./figs/binnin
g.pdf>] [20 <./figs/decomp.pdf>] (./KDtrees.bbl [21]) [22] (./KDtrees.aux) ) 
Here is how much of TeX's memory you used:
 5246 strings out of 475767
 78555 string characters out of 5795265
 612117 words of memory out of 5000000
 26478 multiletter control sequences out of 15000+600000
 481235 words of font info for 75 fonts, out of 8000000 for 9000
 788 hyphenation exceptions out of 8191
 55i,9n,62p,2187b,1787s stack positions out of 10000i,1000n,20000p,200000b,200000s
{c:
/Program Files/texlive/2022/texmf-dist/fonts/enc/dvips/cm-super/cm-super-ts1.en
c}<c:/Program Files/texlive/2022/texmf-dist/fonts/type1/public/amsfonts/cm/cmbx
12.pfb><c:/Program Files/texlive/2022/texmf-dist/fonts/type1/public/amsfonts/cm
/cmex10.pfb><c:/Program Files/texlive/2022/texmf-dist/fonts/type1/public/amsfon
ts/cm/cmmi10.pfb><c:/Program Files/texlive/2022/texmf-dist/fonts/type1/public/a
msfonts/cm/cmmi12.pfb><c:/Program Files/texlive/2022/texmf-dist/fonts/type1/pub
lic/amsfonts/cm/cmmi6.pfb><c:/Program Files/texlive/2022/texmf-dist/fonts/type1
/public/amsfonts/cm/cmmi8.pfb><c:/Program Files/texlive/2022/texmf-dist/fonts/t
ype1/public/amsfonts/cm/cmr10.pfb><c:/Program Files/texlive/2022/texmf-dist/fon
ts/type1/public/amsfonts/cm/cmr12.pfb><c:/Program Files/texlive/2022/texmf-dist
/fonts/type1/public/amsfonts/cm/cmr17.pfb><c:/Program Files/texlive/2022/texmf-
dist/fonts/type1/public/amsfonts/cm/cmr6.pfb><c:/Program Files/texlive/2022/tex
mf-dist/fonts/type1/public/amsfonts/cm/cmr7.pfb><c:/Program Files/texlive/2022/
texmf-dist/fonts/type1/public/amsfonts/cm/cmr8.pfb><c:/Program Files/texlive/20
22/texmf-dist/fonts/type1/public/amsfonts/cm/cmsy10.pfb><c:/Program Files/texli
ve/2022/texmf-dist/fonts/type1/public/amsfonts/cm/cmsy8.pfb><c:/Program Files/t
exlive/2022/texmf-dist/fonts/type1/public/amsfonts/cm/cmti12.pfb><c:/Program Fi
les/texlive/2022/texmf-dist/fonts/type1/public/amsfonts/cm/cmtt10.pfb><c:/Progr
am Files/texlive/2022/texmf-dist/fonts/type1/public/amsfonts/cm/cmtt12.pfb><c:/
Program Files/texlive/2022/texmf-dist/fonts/type1/public/cm-super/sfrm1200.pfb>

Output written on KDtrees.pdf (24 pages, 752078 bytes).
PDF statistics:
 473 PDF objects out of 1000 (max. 8388607)
 219 compressed objects within 3 object streams
 0 named destinations out of 1000 (max. 500000)
 81 words of extra memory for PDF output out of 10000 (max. 10000000)

